<?xml version="1.0" encoding="UTF-8"?>
<!-- Generated by org.testng.reporters.JUnitReportReporter -->
<testsuite hostname="LGDN14520-W7D01" name="com.enlivenhq.slack.SlackWrapperTest" tests="2" failures="0" timestamp="29 Jun 2017 07:50:47 GMT" time="0.105" errors="0">
  <testcase name="testSlackWrapperUsesAttachmentByDefault" time="0.006" classname="com.enlivenhq.slack.SlackWrapperTest"/>
  <testcase name="testSlackWrapperDoesNotUseAttachmentWhenToldSo" time="0.099" classname="com.enlivenhq.slack.SlackWrapperTest"/>
</testsuite> <!-- com.enlivenhq.slack.SlackWrapperTest -->
