<?xml version="1.0" encoding="UTF-8"?>
<!-- Generated by org.testng.reporters.JUnitReportReporter -->
<testsuite hostname="LGDN14520-W7D01" name="com.enlivenhq.teamcity.SlackPayloadTest" tests="11" failures="0" timestamp="29 Jun 2017 07:50:47 GMT" time="0.027" errors="0">
  <testcase name="testSlackPayloadIsUpdatedWithChannel" time="0.000" classname="com.enlivenhq.teamcity.SlackPayloadTest"/>
  <testcase name="testSlackPayloadStatusEscapeNewline" time="0.000" classname="com.enlivenhq.teamcity.SlackPayloadTest"/>
  <testcase name="testSlackPayloadDoesNotRequiresUserAndChannel" time="0.001" classname="com.enlivenhq.teamcity.SlackPayloadTest"/>
  <testcase name="testSlackPayloadStatusTextEscapeLtGt" time="0.000" classname="com.enlivenhq.teamcity.SlackPayloadTest"/>
  <testcase name="testSlackPayloadUsesAttachmentByDefault" time="0.000" classname="com.enlivenhq.teamcity.SlackPayloadTest"/>
  <testcase name="testSlackPayloadBuildEscapeLtGt" time="0.001" classname="com.enlivenhq.teamcity.SlackPayloadTest"/>
  <testcase name="testSlackPayloadIsUpdatedWithUsername" time="0.001" classname="com.enlivenhq.teamcity.SlackPayloadTest"/>
  <testcase name="testSlackPayloadWithoutAttachment" time="0.000" classname="com.enlivenhq.teamcity.SlackPayloadTest"/>
  <testcase name="testSlackPayloadBranchEscapeLtGt" time="0.023" classname="com.enlivenhq.teamcity.SlackPayloadTest"/>
  <testcase name="testSlackPayloadProjectEscapeLtGt" time="0.001" classname="com.enlivenhq.teamcity.SlackPayloadTest"/>
  <testcase name="testSlackPayloadBtIdEscapeLtGt" time="0.000" classname="com.enlivenhq.teamcity.SlackPayloadTest"/>
</testsuite> <!-- com.enlivenhq.teamcity.SlackPayloadTest -->
